<?xml version="1.0" encoding="UTF-8"?>
<!-- Generated by org.testng.reporters.JUnitXMLReporter -->
<testsuite hostname="DESKTOP-MS53M2L" ignored="0" name="Default test" tests="5" failures="0" timestamp="2020-03-12T21:36:52 COT" time="39.902" errors="0">
  <testcase name="beforeClass" time="4.255" classname="test.Servicio"/>
  <testcase name="servicio" time="32.154" classname="test.Servicio"/>
  <testcase name="capacidades" time="1.172" classname="test.Servicio"/>
  <testcase name="comohacemos" time="1.119" classname="test.Servicio"/>
  <testcase name="portafolio" time="1.136" classname="test.Servicio"/>
</testsuite> <!-- Default test -->
